<?xml version="1.0" encoding="UTF-8"?>
<!-- Generated by org.testng.reporters.JUnitXMLReporter -->
<testsuite hostname="Perumal-PC" name="BankingApp Test" tests="1" failures="1" timestamp="29 Mar 2020 13:16:43 GMT" time="29.981" errors="0">
  <testcase name="addInetBankCustomer" time="20.278" classname="com.inetbanking.testCases.TC_InetBankingAddCustomer_003">
    <failure type="java.lang.AssertionError" message="expected [true] but found [false]">
      <![CDATA[java.lang.AssertionError: expected [true] but found [false]
	at com.inetbanking.testCases.TC_InetBankingAddCustomer_003.addInetBankCustomer(TC_InetBankingAddCustomer_003.java:55)
... Removed 28 stack frames]]>
    </failure>
  </testcase> <!-- addInetBankCustomer -->
</testsuite> <!-- BankingApp Test -->
