<?xml version="1.0" encoding="UTF-8"?>
<!-- Generated by org.testng.reporters.JUnitXMLReporter -->
<testsuite hostname="Perumal-PC" ignored="0" name="BankingApp Test" tests="1" failures="1" timestamp="11 Apr 2020 15:08:25 GMT" time="38.277" errors="0">
  <testcase name="addInetBankCustomer" time="25.729" classname="com.inetbanking.testCases.TC_InetBankingAddCustomer_003">
    <failure type="java.lang.AssertionError" message="expected [true] but found [false]">
      <![CDATA[java.lang.AssertionError: expected [true] but found [false]
at com.inetbanking.testCases.TC_InetBankingAddCustomer_003.addInetBankCustomer(TC_InetBankingAddCustomer_003.java:57)
... Removed 32 stack frames]]>
    </failure>
  </testcase> <!-- addInetBankCustomer -->
</testsuite> <!-- BankingApp Test -->
