<?xml version="1.0" encoding="UTF-8"?>
<testsuite name="TestSuite" time="226.27" tests="1" errors="0" skipped="0" failures="1">
  <properties>
[...]
</properties>
  <testcase name="addInetBankCustomer" classname="com.inetbanking.testCases.TC_InetBankingAddCustomer_003" time="226.27">
    <failure message="timeout: Timed out receiving message from renderer: 10.000&#10;  (Session info: chrome=80.0.3987.149)&#10;Build info: version: &apos;3.141.59&apos;, revision: &apos;e82be7d358&apos;, time: &apos;2018-11-14T08:17:03&apos;&#10;System info: host: &apos;PERUMAL-PC&apos;, ip: &apos;192.168.0.139&apos;, os.name: &apos;Windows 10&apos;, os.arch: &apos;amd64&apos;, os.version: &apos;10.0&apos;, java.version: &apos;1.8.0_211&apos;&#10;Driver info: org.openqa.selenium.chrome.ChromeDriver&#10;Capabilities {acceptInsecureCerts: false, browserName: chrome, browserVersion: 80.0.3987.149, chrome: {chromedriverVersion: 80.0.3987.106 (f68069574609..., userDataDir: C:\WINDOWS\TEMP\scoped_dir1...}, goog:chromeOptions: {debuggerAddress: localhost:51878}, javascriptEnabled: true, networkConnectionEnabled: false, pageLoadStrategy: normal, platform: WINDOWS, platformName: WINDOWS, proxy: Proxy(), setWindowRect: true, strictFileInteractability: false, timeouts: {implicit: 0, pageLoad: 300000, script: 30000}, unhandledPromptBehavior: dismiss and notify}&#10;Session ID: 79c4ee871498076fadf04b375ef2d146" type="org.openqa.selenium.TimeoutException">org.openqa.selenium.TimeoutException: timeout: Timed out receiving message from renderer: 10.000
  (Session info: chrome=80.0.3987.149)
Build info: version: '3.141.59', revision: 'e82be7d358', time: '2018-11-14T08:17:03'
System info: host: 'PERUMAL-PC', ip: '192.168.0.139', os.name: 'Windows 10', os.arch: 'amd64', os.version: '10.0', java.version: '1.8.0_211'
Driver info: org.openqa.selenium.chrome.ChromeDriver
Capabilities {acceptInsecureCerts: false, browserName: chrome, browserVersion: 80.0.3987.149, chrome: {chromedriverVersion: 80.0.3987.106 (f68069574609..., userDataDir: C:\WINDOWS\TEMP\scoped_dir1...}, goog:chromeOptions: {debuggerAddress: localhost:51878}, javascriptEnabled: true, networkConnectionEnabled: false, pageLoadStrategy: normal, platform: WINDOWS, platformName: WINDOWS, proxy: Proxy(), setWindowRect: true, strictFileInteractability: false, timeouts: {implicit: 0, pageLoad: 300000, script: 30000}, unhandledPromptBehavior: dismiss and notify}
Session ID: 79c4ee871498076fadf04b375ef2d146
	at sun.reflect.NativeConstructorAccessorImpl.newInstance0(Native Method)
	at sun.reflect.NativeConstructorAccessorImpl.newInstance(NativeConstructorAccessorImpl.java:62)
	at sun.reflect.DelegatingConstructorAccessorImpl.newInstance(DelegatingConstructorAccessorImpl.java:45)
	at java.lang.reflect.Constructor.newInstance(Constructor.java:423)
	at org.openqa.selenium.remote.http.W3CHttpResponseCodec.createException(W3CHttpResponseCodec.java:187)
	at org.openqa.selenium.remote.http.W3CHttpResponseCodec.decode(W3CHttpResponseCodec.java:122)
	at org.openqa.selenium.remote.http.W3CHttpResponseCodec.decode(W3CHttpResponseCodec.java:49)
	at org.openqa.selenium.remote.HttpCommandExecutor.execute(HttpCommandExecutor.java:158)
	at org.openqa.selenium.remote.service.DriverCommandExecutor.execute(DriverCommandExecutor.java:83)
	at org.openqa.selenium.remote.RemoteWebDriver.execute(RemoteWebDriver.java:552)
	at org.openqa.selenium.remote.RemoteWebDriver.execute(RemoteWebDriver.java:609)
	at org.openqa.selenium.remote.RemoteWebDriver.getScreenshotAs(RemoteWebDriver.java:295)
	at com.inetbanking.testCases.BaseClass.loginScreenshot(BaseClass.java:62)
	at com.inetbanking.testCases.TC_InetBankingAddCustomer_003.addInetBankCustomer(TC_InetBankingAddCustomer_003.java:53)
</failure>
    <system-out><![CDATA[ INFO [main] (TC_InetBankingAddCustomer_003.java:22)- Logged into gurudemo
 INFO [main] (TC_InetBankingAddCustomer_003.java:29)- Customer Registration Page
 INFO [main] (TC_InetBankingAddCustomer_003.java:44)- Submitted a new customer
 INFO [main] (TC_InetBankingAddCustomer_003.java:52)- No customer added
]]></system-out>
    <system-err><![CDATA[Starting ChromeDriver 80.0.3987.106 (f68069574609230cf9b635cd784cfb1bf81bb53a-refs/branch-heads/3987@{#882}) on port 35258
Only local connections are allowed.
Please protect ports used by ChromeDriver and related test frameworks to prevent access by malicious code.
[1585665593.214][WARNING]: Timed out connecting to Chrome, retrying...
Mar 31, 2020 8:09:56 PM org.openqa.selenium.remote.ProtocolHandshake createSession
INFO: Detected dialect: W3C
[1585665599.383][SEVERE]: Timed out receiving message from renderer: 0.100
[1585665600.187][SEVERE]: Timed out receiving message from renderer: 0.100
[1585665601.037][SEVERE]: Timed out receiving message from renderer: 0.100
[1585665601.409][SEVERE]: Timed out receiving message from renderer: 0.100
[1585665601.986][SEVERE]: Timed out receiving message from renderer: 0.100
[1585665602.797][SEVERE]: Timed out receiving message from renderer: 0.100
[1585665604.469][SEVERE]: Timed out receiving message from renderer: 0.100
[1585665646.665][SEVERE]: Timed out receiving message from renderer: 0.100
[1585665648.555][SEVERE]: Timed out receiving message from renderer: 0.100
[1585665649.283][SEVERE]: Timed out receiving message from renderer: 0.100
[1585665650.029][SEVERE]: Timed out receiving message from renderer: 0.100
[1585665650.833][SEVERE]: Timed out receiving message from renderer: 0.100
[1585665654.486][WARNING]: Timed out connecting to Chrome, retrying...
[1585665673.418][SEVERE]: Timed out receiving message from renderer: 0.100
[1585665675.993][SEVERE]: Timed out receiving message from renderer: 0.100
[1585665676.813][SEVERE]: Timed out receiving message from renderer: 0.100
[1585665677.509][SEVERE]: Timed out receiving message from renderer: 0.100
[1585665678.259][SEVERE]: Timed out receiving message from renderer: 0.100
[1585665781.316][SEVERE]: Timed out receiving message from renderer: 10.000
[1585665781.317][WARNING]: screenshot failed, retrying timeout: Timed out receiving message from renderer: 10.000
[1585665791.317][SEVERE]: Timed out receiving message from renderer: 10.000
[1585665801.753][SEVERE]: Timed out receiving message from renderer: 10.000
[1585665801.753][WARNING]: screenshot failed, retrying timeout: Timed out receiving message from renderer: 10.000
[1585665811.754][SEVERE]: Timed out receiving message from renderer: 10.000
[1585665822.126][SEVERE]: Timed out receiving message from renderer: 10.000
[1585665822.126][WARNING]: screenshot failed, retrying timeout: Timed out receiving message from renderer: 10.000
[1585665832.129][SEVERE]: Timed out receiving message from renderer: 10.000
]]></system-err>
  </testcase>
</testsuite>