<?xml version="1.0" encoding="UTF-8"?>
<testsuite name="TestSuite" time="25.74" tests="1" errors="0" skipped="0" failures="1">
  <properties>
[...]
</properties>
  <testcase name="addInetBankCustomer" classname="com.inetbanking.testCases.TC_InetBankingAddCustomer_003" time="25.74">
    <failure message="expected [true] but found [false]" type="java.lang.AssertionError">java.lang.AssertionError: expected [true] but found [false]
	at org.testng.Assert.fail(Assert.java:96)
	at org.testng.Assert.failNotEquals(Assert.java:776)
	at org.testng.Assert.assertTrue(Assert.java:44)
	at org.testng.Assert.assertTrue(Assert.java:54)
	at com.inetbanking.testCases.TC_InetBankingAddCustomer_003.addInetBankCustomer(TC_InetBankingAddCustomer_003.java:57)
</failure>
    <system-out><![CDATA[ INFO [main] (TC_InetBankingAddCustomer_003.java:24)- Logged into gurudemo
 INFO [main] (TC_InetBankingAddCustomer_003.java:31)- Customer Registration Page
 INFO [main] (TC_InetBankingAddCustomer_003.java:46)- Submitted a new customer
 INFO [main] (TC_InetBankingAddCustomer_003.java:54)- No customer added
Taken screenshot
]]></system-out>
    <system-err><![CDATA[Starting ChromeDriver 80.0.3987.106 (f68069574609230cf9b635cd784cfb1bf81bb53a-refs/branch-heads/3987@{#882}) on port 36446
Only local connections are allowed.
Please protect ports used by ChromeDriver and related test frameworks to prevent access by malicious code.
[1586617672.697][WARNING]: Timed out connecting to Chrome, retrying...
Apr 11, 2020 8:37:54 PM org.openqa.selenium.remote.ProtocolHandshake createSession
INFO: Detected dialect: W3C
[1586617676.154][SEVERE]: Timed out receiving message from renderer: 0.100
[1586617676.258][SEVERE]: Timed out receiving message from renderer: 0.100
[1586617676.435][SEVERE]: Timed out receiving message from renderer: 0.100
[1586617676.539][SEVERE]: Timed out receiving message from renderer: 0.100
[1586617676.664][SEVERE]: Timed out receiving message from renderer: 0.100
[1586617676.767][SEVERE]: Timed out receiving message from renderer: 0.100
[1586617676.870][SEVERE]: Timed out receiving message from renderer: 0.100
[1586617676.973][SEVERE]: Timed out receiving message from renderer: 0.100
[1586617677.076][SEVERE]: Timed out receiving message from renderer: 0.100
[1586617677.179][SEVERE]: Timed out receiving message from renderer: 0.100
[1586617677.337][SEVERE]: Timed out receiving message from renderer: 0.100
[1586617677.441][SEVERE]: Timed out receiving message from renderer: 0.100
[1586617677.698][SEVERE]: Timed out receiving message from renderer: 0.100
[1586617677.800][SEVERE]: Timed out receiving message from renderer: 0.100
[1586617677.902][SEVERE]: Timed out receiving message from renderer: 0.100
[1586617678.057][SEVERE]: Timed out receiving message from renderer: 0.100
[1586617678.245][SEVERE]: Timed out receiving message from renderer: 0.100
[1586617678.347][SEVERE]: Timed out receiving message from renderer: 0.100
[1586617678.500][SEVERE]: Timed out receiving message from renderer: 0.100
[1586617678.601][SEVERE]: Timed out receiving message from renderer: 0.100
[1586617678.702][SEVERE]: Timed out receiving message from renderer: 0.100
[1586617680.444][SEVERE]: Timed out receiving message from renderer: 0.100
[1586617680.545][SEVERE]: Timed out receiving message from renderer: 0.100
[1586617680.646][SEVERE]: Timed out receiving message from renderer: 0.100
[1586617680.747][SEVERE]: Timed out receiving message from renderer: 0.100
[1586617680.848][SEVERE]: Timed out receiving message from renderer: 0.100
[1586617680.950][SEVERE]: Timed out receiving message from renderer: 0.100
[1586617681.051][SEVERE]: Timed out receiving message from renderer: 0.100
[1586617683.192][WARNING]: Timed out connecting to Chrome, retrying...
[1586617689.080][SEVERE]: Timed out receiving message from renderer: 0.100
[1586617689.200][SEVERE]: Timed out receiving message from renderer: 0.100
]]></system-err>
  </testcase>
</testsuite>